2016/03/10 17:12:37 にビルドを開始しました。
     1>ノード 2 上のプロジェクト "C:\Users\maenami\Documents\GitHub\tempura\build\TempuraEngine.vcxproj" (Build ターゲット)。
     1>ClCompile:
         C:\Program Files (x86)\Microsoft Visual Studio 12.0\VC\bin\amd64\CL.exe /c /I..\third_party\glew\include /I..\third_party\eigen\Eigen /I..\third_party\spdlog\include\spdlog /I..\source /I"C:\Program Files (x86)\Microsoft DirectX SDK (June 2010)\Include" /I"C:\Program Files (x86)\NVIDIA Corporation\PhysX SDK\v3.1.2_win\SDKs\PhysXCommon/src" /I"C:\Program Files (x86)\NVIDIA Corporation\PhysX SDK\v3.1.2_win\SDKs\PhysXAPI\geometry" /I"C:\Program Files (x86)\NVIDIA Corporation\PhysX SDK\v3.1.2_win\SDKs\PhysXAPI\extensions" /I"C:\Program Files (x86)\NVIDIA Corporation\PhysX SDK\v3.1.2_win\SDKs\PhysXAPI\common" /I"C:\Program Files (x86)\NVIDIA Corporation\PhysX SDK\v3.1.2_win\SDKs\PhysXAPI" /I"C:\Program Files (x86)\NVIDIA Corporation\PhysX SDK\v3.1.2_win\SDKs\PxFoundation" /I"C:\Program Files (x86)\NVIDIA Corporation\PhysX SDK\v3.1.2_win\SDKs\PxTask\include" /Zi /nologo /W4 /WX- /O2 /Gm- /EHsc /MD /GS /fp:precise /Zc:wchar_t /Zc:forScope /Fo"Release\obj\TempuraEngine\\" /Fd"Release\obj\TempuraEngine\vc120.pdb" /Gd /TP /errorReport:prompt ..\source\temp\global_valiable.cpp ..\source\temp\graphics\device.cpp ..\source\temp\graphics\vertex_shader.cpp ..\source\temp\graphics\opengl\device_impl_opengl.cpp ..\source\temp\graphics\opengl\opengl_common.cpp ..\source\temp\graphics\opengl\vertex_shader_impl_opengl.cpp ..\source\temp\graphics\opengl\windows\opengl_windows.cpp ..\source\temp\system\file_system.cpp ..\source\temp\system\timer.cpp ..\source\temp\system\mac\file_system_mac.cpp ..\source\temp\system\windows\application_windows.cpp ..\source\temp\system\windows\file_system_windows.cpp ..\source\temp\system\windows\window_windows.cpp
         global_valiable.cpp
         device.cpp
     1>C:\Users\maenami\Documents\GitHub\tempura\third_party\spdlog\include\spdlog\spdlog.h(11): fatal error C1083: include ファイルを開けません。'spdlog/tweakme.h':No such file or directory
         vertex_shader.cpp
     1>C:\Users\maenami\Documents\GitHub\tempura\third_party\spdlog\include\spdlog\spdlog.h(11): fatal error C1083: include ファイルを開けません。'spdlog/tweakme.h':No such file or directory
         device_impl_opengl.cpp
     1>C:\Users\maenami\Documents\GitHub\tempura\third_party\spdlog\include\spdlog\spdlog.h(11): fatal error C1083: include ファイルを開けません。'spdlog/tweakme.h':No such file or directory
         opengl_common.cpp
     1>C:\Users\maenami\Documents\GitHub\tempura\third_party\spdlog\include\spdlog\spdlog.h(11): fatal error C1083: include ファイルを開けません。'spdlog/tweakme.h':No such file or directory
         vertex_shader_impl_opengl.cpp
     1>C:\Users\maenami\Documents\GitHub\tempura\third_party\spdlog\include\spdlog\spdlog.h(11): fatal error C1083: include ファイルを開けません。'spdlog/tweakme.h':No such file or directory
         opengl_windows.cpp
     1>C:\Users\maenami\Documents\GitHub\tempura\third_party\spdlog\include\spdlog\spdlog.h(11): fatal error C1083: include ファイルを開けません。'spdlog/tweakme.h':No such file or directory
         file_system.cpp
         timer.cpp
         file_system_mac.cpp
         application_windows.cpp
         file_system_windows.cpp
         window_windows.cpp
         コードを生成中...
     1>プロジェクト "C:\Users\maenami\Documents\GitHub\tempura\build\TempuraEngine.vcxproj" (Build ターゲット) のビルドが終了しました -- 失敗。

ビルドに失敗しました。

経過時間 00:00:07.06
